<?xml version="1.0" encoding="UTF-8"?>
<testng-results skipped="0" failed="0" ignored="0" total="3" passed="3">
  <reporter-output>
  </reporter-output>
  <suite name="Default suite" duration-ms="307" started-at="2021-09-21T17:22:12 IST" finished-at="2021-09-21T17:22:13 IST">
    <groups>
    </groups>
    <test name="Default test" duration-ms="307" started-at="2021-09-21T17:22:12 IST" finished-at="2021-09-21T17:22:13 IST">
      <class name="com.comcast.contact.ContactTest">
        <test-method status="PASS" signature="createContactTest()[pri:0, instance:com.comcast.contact.ContactTest@1786dec2]" name="createContactTest" duration-ms="25" started-at="2021-09-21T17:22:13 IST" finished-at="2021-09-21T17:22:13 IST">
          <reporter-output>
          </reporter-output>
        </test-method> <!-- createContactTest -->
        <test-method status="PASS" signature="createContactWithOrgTest()[pri:0, instance:com.comcast.contact.ContactTest@1786dec2]" name="createContactWithOrgTest" duration-ms="4" started-at="2021-09-21T17:22:13 IST" finished-at="2021-09-21T17:22:13 IST">
          <reporter-output>
          </reporter-output>
        </test-method> <!-- createContactWithOrgTest -->
        <test-method status="PASS" signature="deleteContactTest()[pri:0, instance:com.comcast.contact.ContactTest@1786dec2]" name="deleteContactTest" duration-ms="2" started-at="2021-09-21T17:22:13 IST" finished-at="2021-09-21T17:22:13 IST">
          <reporter-output>
          </reporter-output>
        </test-method> <!-- deleteContactTest -->
      </class> <!-- com.comcast.contact.ContactTest -->
    </test> <!-- Default test -->
  </suite> <!-- Default suite -->
</testng-results>
