<?xml version="1.0" encoding="UTF-8"?>
<!-- Generated by org.testng.reporters.JUnitXMLReporter -->
<testsuite hostname="DESKTOP-UL25I8J" ignored="0" name="Default test" tests="3" failures="0" timestamp="2021-09-21T17:22:13 IST" time="0.307" errors="0">
  <testcase name="createContactTest" time="0.025" classname="com.comcast.contact.ContactTest"/>
  <testcase name="createContactWithOrgTest" time="0.004" classname="com.comcast.contact.ContactTest"/>
  <testcase name="deleteContactTest" time="0.002" classname="com.comcast.contact.ContactTest"/>
</testsuite> <!-- Default test -->
